<?xml version="1.0" encoding="UTF-8"?>
<!-- Generated by org.testng.reporters.JUnitXMLReporter -->
<testsuite ignored="0" hostname="DESKTOP-K42ITB2" failures="0" tests="4" name="Default test" time="79.689" errors="0" timestamp="2023-03-03T15:27:13 IST">
  <testcase classname="Day6.TestScript06" name="testCase05" time="2.595"/>
  <testcase classname="Day6.TestScript06" name="testCase05" time="1.991"/>
  <testcase classname="Day6.TestScript06" name="testCase05" time="1.9"/>
  <testcase classname="Day6.TestScript06" name="testCase05" time="1.782"/>
</testsuite> <!-- Default test -->
