<?xml version="1.0" encoding="UTF-8"?>
<testng-results ignored="0" total="4" passed="4" failed="0" skipped="0">
  <reporter-output>
  </reporter-output>
  <suite started-at="2023-03-03T15:25:53 IST" name="Default suite" finished-at="2023-03-03T15:27:13 IST" duration-ms="79689">
    <groups>
    </groups>
    <test started-at="2023-03-03T15:25:53 IST" name="Default test" finished-at="2023-03-03T15:27:13 IST" duration-ms="79689">
      <class name="Day6.TestScript06">
        <test-method is-config="true" signature="setUp()[pri:0, instance:Day6.TestScript06@10e41621]" started-at="2023-03-03T15:25:53 IST" name="setUp" finished-at="2023-03-03T15:26:09 IST" duration-ms="15636" status="PASS">
          <reporter-output>
          </reporter-output>
        </test-method> <!-- setUp -->
        <test-method signature="testCase05(java.lang.String,java.lang.String)[pri:0, instance:Day6.TestScript06@10e41621]" started-at="2023-03-03T15:26:09 IST" name="testCase05" data-provider="GuruTest" finished-at="2023-03-03T15:26:11 IST" duration-ms="2595" status="PASS">
          <params>
            <param index="0">
              <value>
                <![CDATA[mngr481080]]>
              </value>
            </param>
            <param index="1">
              <value>
                <![CDATA[majevYp]]>
              </value>
            </param>
          </params>
          <reporter-output>
          </reporter-output>
        </test-method> <!-- testCase05 -->
        <test-method is-config="true" signature="tearDown()[pri:0, instance:Day6.TestScript06@10e41621]" started-at="2023-03-03T15:26:11 IST" name="tearDown" finished-at="2023-03-03T15:26:15 IST" duration-ms="3263" status="PASS">
          <reporter-output>
          </reporter-output>
        </test-method> <!-- tearDown -->
        <test-method is-config="true" signature="setUp()[pri:0, instance:Day6.TestScript06@10e41621]" started-at="2023-03-03T15:26:15 IST" name="setUp" finished-at="2023-03-03T15:26:29 IST" duration-ms="14691" status="PASS">
          <reporter-output>
          </reporter-output>
        </test-method> <!-- setUp -->
        <test-method signature="testCase05(java.lang.String,java.lang.String)[pri:0, instance:Day6.TestScript06@10e41621]" started-at="2023-03-03T15:26:29 IST" name="testCase05" data-provider="GuruTest" finished-at="2023-03-03T15:26:31 IST" duration-ms="1991" status="PASS">
          <params>
            <param index="0">
              <value>
                <![CDATA[invalid]]>
              </value>
            </param>
            <param index="1">
              <value>
                <![CDATA[valid]]>
              </value>
            </param>
          </params>
          <reporter-output>
          </reporter-output>
        </test-method> <!-- testCase05 -->
        <test-method is-config="true" signature="tearDown()[pri:0, instance:Day6.TestScript06@10e41621]" started-at="2023-03-03T15:26:31 IST" name="tearDown" finished-at="2023-03-03T15:26:35 IST" duration-ms="4089" status="PASS">
          <reporter-output>
          </reporter-output>
        </test-method> <!-- tearDown -->
        <test-method is-config="true" signature="setUp()[pri:0, instance:Day6.TestScript06@10e41621]" started-at="2023-03-03T15:26:35 IST" name="setUp" finished-at="2023-03-03T15:26:49 IST" duration-ms="13638" status="PASS">
          <reporter-output>
          </reporter-output>
        </test-method> <!-- setUp -->
        <test-method signature="testCase05(java.lang.String,java.lang.String)[pri:0, instance:Day6.TestScript06@10e41621]" started-at="2023-03-03T15:26:49 IST" name="testCase05" data-provider="GuruTest" finished-at="2023-03-03T15:26:51 IST" duration-ms="1900" status="PASS">
          <params>
            <param index="0">
              <value>
                <![CDATA[valid]]>
              </value>
            </param>
            <param index="1">
              <value>
                <![CDATA[invalid]]>
              </value>
            </param>
          </params>
          <reporter-output>
          </reporter-output>
        </test-method> <!-- testCase05 -->
        <test-method is-config="true" signature="tearDown()[pri:0, instance:Day6.TestScript06@10e41621]" started-at="2023-03-03T15:26:51 IST" name="tearDown" finished-at="2023-03-03T15:26:53 IST" duration-ms="2382" status="PASS">
          <reporter-output>
          </reporter-output>
        </test-method> <!-- tearDown -->
        <test-method is-config="true" signature="setUp()[pri:0, instance:Day6.TestScript06@10e41621]" started-at="2023-03-03T15:26:53 IST" name="setUp" finished-at="2023-03-03T15:27:07 IST" duration-ms="14099" status="PASS">
          <reporter-output>
          </reporter-output>
        </test-method> <!-- setUp -->
        <test-method signature="testCase05(java.lang.String,java.lang.String)[pri:0, instance:Day6.TestScript06@10e41621]" started-at="2023-03-03T15:27:07 IST" name="testCase05" data-provider="GuruTest" finished-at="2023-03-03T15:27:09 IST" duration-ms="1782" status="PASS">
          <params>
            <param index="0">
              <value>
                <![CDATA[invalid]]>
              </value>
            </param>
            <param index="1">
              <value>
                <![CDATA[invalid]]>
              </value>
            </param>
          </params>
          <reporter-output>
          </reporter-output>
        </test-method> <!-- testCase05 -->
        <test-method is-config="true" signature="tearDown()[pri:0, instance:Day6.TestScript06@10e41621]" started-at="2023-03-03T15:27:09 IST" name="tearDown" finished-at="2023-03-03T15:27:13 IST" duration-ms="3542" status="PASS">
          <reporter-output>
          </reporter-output>
        </test-method> <!-- tearDown -->
      </class> <!-- Day6.TestScript06 -->
    </test> <!-- Default test -->
  </suite> <!-- Default suite -->
</testng-results>
